2021-08-08 13:59:58,036 - instabot version: 0.117.0 (bot) - INFO - Instabot version: 0.117.0 Started
2021-08-08 13:59:58,037 - instabot version: 0.117.0 (bot) - DEBUG - Bot imported from C:\Users\HP\AppData\Roaming\Python\Python39\site-packages\instabot\bot\bot.py
2021-08-08 14:00:00,038 - instabot version: 0.117.0 (api_login) - INFO - Not yet logged in starting: PRE-LOGIN FLOW!
2021-08-08 14:00:00,546 - instabot version: 0.117.0 (api) - DEBUG - POST to endpoint: accounts/get_prefill_candidates/ returned response: <Response [200]>
2021-08-08 14:00:01,011 - instabot version: 0.117.0 (api) - DEBUG - POST to endpoint: qe/sync/ returned response: <Response [200]>
2021-08-08 14:00:01,447 - instabot version: 0.117.0 (api) - DEBUG - POST to endpoint: launcher/sync/ returned response: <Response [200]>
2021-08-08 14:00:01,903 - instabot version: 0.117.0 (api) - DEBUG - POST to endpoint: accounts/contact_point_prefill/ returned response: <Response [200]>
2021-08-08 14:00:04,090 - instabot version: 0.117.0 (api) - DEBUG - POST to endpoint: accounts/login/ returned response: <Response [200]>
2021-08-08 14:00:04,090 - instabot version: 0.117.0 (api) - INFO - Logged-in successfully as 'demoforproject'!
2021-08-08 14:00:04,091 - instabot version: 0.117.0 (api_login) - INFO - LOGIN FLOW! Just logged-in: True
2021-08-08 14:00:04,642 - instabot version: 0.117.0 (api) - DEBUG - POST to endpoint: qe/sync/ returned response: <Response [200]>
2021-08-08 14:00:05,108 - instabot version: 0.117.0 (api) - DEBUG - POST to endpoint: launcher/sync/ returned response: <Response [200]>
2021-08-08 14:00:05,543 - instabot version: 0.117.0 (api) - DEBUG - GET to endpoint: zr/token/result/?device_id=android-6fd2b6771093444b&token_hash=&custom_device_id=android-6fd2b6771093444b&fetch_reason=token_expired returned response: <Response [200]>
2021-08-08 14:00:05,984 - instabot version: 0.117.0 (api) - DEBUG - GET to endpoint: multiple_accounts/get_account_family/ returned response: <Response [200]>
2021-08-08 14:00:06,442 - instabot version: 0.117.0 (api) - DEBUG - POST to endpoint: qe/sync/ returned response: <Response [200]>
2021-08-08 14:00:07,112 - instabot version: 0.117.0 (api) - DEBUG - GET to endpoint: igtv/browse_feed/?prefetch=1 returned response: <Response [200]>
2021-08-08 14:00:07,540 - instabot version: 0.117.0 (api) - DEBUG - POST to endpoint: creatives/ar_class/ returned response: <Response [200]>
2021-08-08 14:00:08,081 - instabot version: 0.117.0 (api) - DEBUG - POST to endpoint: feed/reels_tray/ returned response: <Response [200]>
2021-08-08 14:00:09,704 - instabot version: 0.117.0 (api) - DEBUG - POST to endpoint: feed/timeline/ returned response: <Response [200]>
2021-08-08 14:00:10,151 - instabot version: 0.117.0 (api) - DEBUG - GET to endpoint: media/blocked/ returned response: <Response [200]>
2021-08-08 14:00:10,852 - instabot version: 0.117.0 (api) - DEBUG - GET to endpoint: news/inbox/ returned response: <Response [200]>
2021-08-08 14:00:11,300 - instabot version: 0.117.0 (api) - DEBUG - GET to endpoint: loom/fetch_config/ returned response: <Response [200]>
2021-08-08 14:00:11,786 - instabot version: 0.117.0 (api) - DEBUG - GET to endpoint: scores/bootstrap/users/?surfaces=["autocomplete_user_list","coefficient_besties_list_ranking","coefficient_rank_recipient_user_suggestion","coefficient_ios_section_test_bootstrap_ranking","coefficient_direct_recipients_ranking_variant_2"] returned response: <Response [200]>
2021-08-08 14:00:12,235 - instabot version: 0.117.0 (api) - DEBUG - GET to endpoint: business/eligibility/get_monetization_products_eligibility_data/?product_types=branded_content returned response: <Response [200]>
2021-08-08 14:00:12,664 - instabot version: 0.117.0 (api) - DEBUG - GET to endpoint: business/branded_content/should_require_professional_account/ returned response: <Response [200]>
2021-08-08 14:00:13,083 - instabot version: 0.117.0 (api) - DEBUG - GET to endpoint: linked_accounts/get_linkage_status/ returned response: <Response [200]>
2021-08-08 14:00:13,512 - instabot version: 0.117.0 (api) - DEBUG - GET to endpoint: locations/request_country/ returned response: <Response [200]>
2021-08-08 14:00:13,936 - instabot version: 0.117.0 (api) - DEBUG - GET to endpoint: qp/get_cooldowns/?signed_body=signed_body=4b9c516a5410a3bc128e09c6104a7f042146b9c2023870560c63a43a7f66781c.4&ig_sig_key_version=4&ig_sig_key_version=4 returned response: <Response [200]>
2021-08-08 14:00:14,373 - instabot version: 0.117.0 (api) - DEBUG - GET to endpoint: users/arlink_download_info/?version_override=2.2.1 returned response: <Response [200]>
2021-08-08 14:00:14,928 - instabot version: 0.117.0 (api) - DEBUG - GET to endpoint: users/49009250080/info/ returned response: <Response [200]>
2021-08-08 14:00:15,479 - instabot version: 0.117.0 (api) - DEBUG - GET to endpoint: direct_v2/get_presence/ returned response: <Response [200]>
2021-08-08 14:00:16,003 - instabot version: 0.117.0 (api) - DEBUG - GET to endpoint: direct_v2/inbox/?visual_message_return_type=unseen&thread_message_limit=10&persistentBadging=true&limit=20 returned response: <Response [200]>
2021-08-08 14:00:16,485 - instabot version: 0.117.0 (api) - DEBUG - GET to endpoint: direct_v2/inbox/?visual_message_return_type=unseen&persistentBadging=true&limit=0 returned response: <Response [200]>
2021-08-08 14:00:17,855 - instabot version: 0.117.0 (api) - DEBUG - GET to endpoint: discover/topical_explore/?is_prefetch=true&omit_cover_media=true&use_sectional_payload=true&timezone_offset=0&session_id=50af8fba-21fb-426b-b530-15d38ca321ce&include_fixed_destinations=true returned response: <Response [200]>
2021-08-08 14:00:18,283 - instabot version: 0.117.0 (api) - DEBUG - POST to endpoint: notifications/badge/ returned response: <Response [200]>
2021-08-08 14:00:18,831 - instabot version: 0.117.0 (api) - DEBUG - POST to endpoint: qp/batch_fetch/ returned response: <Response [200]>
2021-08-08 14:00:18,832 - instabot version: 0.117.0 (bot_checkpoint) - DEBUG - Loading Checkpoint file from: C:\Users\HP\Desktop\StoryheapClone/config/demoforproject.checkpoint
2021-08-08 14:00:42,511 - instabot version: 0.117.0 (api) - DEBUG - POST to endpoint: media/configure/? returned response: <Response [200]>
2021-08-08 14:00:42,934 - instabot version: 0.117.0 (api) - DEBUG - POST to endpoint: qe/expose/ returned response: <Response [200]>
2021-08-08 14:00:42,936 - instabot version: 0.117.0 (bot_photo) - INFO - Photo 'InstaPhoto/NewMusic.jpeg' is uploaded.
2021-08-08 14:00:49,531 - instabot version: 0.117.0 (bot_checkpoint) - DEBUG - Saving Checkpoint file to: C:\Users\HP\Desktop\StoryheapClone/config/demoforproject.checkpoint
2021-08-08 14:00:49,532 - instabot version: 0.117.0 (bot) - INFO - Total requests: 35
